<?xml version="1.0" encoding="UTF-8"?>
<testng-results skipped="0" failed="0" ignored="0" total="2" passed="2">
  <reporter-output>
  </reporter-output>
  <suite name="Default suite" duration-ms="57610" started-at="2020-08-03T22:12:17 CDT" finished-at="2020-08-03T22:13:15 CDT">
    <groups>
    </groups>
    <test name="Default test" duration-ms="57610" started-at="2020-08-03T22:12:17 CDT" finished-at="2020-08-03T22:13:15 CDT">
      <class name="com.qa.hotels.tests.ThreeStarsTestPage">
        <test-method status="PASS" signature="setUp()[pri:0, instance:com.qa.hotels.tests.ThreeStarsTestPage@6973bf95]" name="setUp" is-config="true" duration-ms="22664" started-at="2020-08-03T22:12:17 CDT" finished-at="2020-08-03T22:12:40 CDT">
          <reporter-output>
          </reporter-output>
        </test-method> <!-- setUp -->
        <test-method status="PASS" signature="verifyThreeStarSizeTest()[pri:1, instance:com.qa.hotels.tests.ThreeStarsTestPage@6973bf95]" name="verifyThreeStarSizeTest" duration-ms="156" started-at="2020-08-03T22:12:40 CDT" description="Verify that,all 3 stars hotels are in 10 miles." finished-at="2020-08-03T22:12:40 CDT">
          <reporter-output>
          </reporter-output>
        </test-method> <!-- verifyThreeStarSizeTest -->
        <test-method status="PASS" signature="verifyIsThree()[pri:2, instance:com.qa.hotels.tests.ThreeStarsTestPage@6973bf95]" name="verifyIsThree" duration-ms="34585" started-at="2020-08-03T22:12:40 CDT" description="All 3 stars Hotel names are in 10 miles " finished-at="2020-08-03T22:13:15 CDT">
          <reporter-output>
          </reporter-output>
        </test-method> <!-- verifyIsThree -->
        <test-method status="PASS" signature="tearDown()[pri:0, instance:com.qa.hotels.tests.ThreeStarsTestPage@6973bf95]" name="tearDown" is-config="true" duration-ms="107" started-at="2020-08-03T22:13:15 CDT" finished-at="2020-08-03T22:13:15 CDT">
          <reporter-output>
          </reporter-output>
        </test-method> <!-- tearDown -->
      </class> <!-- com.qa.hotels.tests.ThreeStarsTestPage -->
    </test> <!-- Default test -->
  </suite> <!-- Default suite -->
</testng-results>
